<?xml version="1.0" encoding="UTF-8"?>
<!-- Generated by org.testng.reporters.JUnitReportReporter -->
<testsuite hostname="DESKTOP-KMA0RIC" failures="0" tests="1" name="task.LoginPage" time="23.456" errors="0" timestamp="2023-10-17T16:33:00 IST" skipped="0">
  <testcase classname="task.LoginPage" name="login" time="23.456"/>
</testsuite> <!-- task.LoginPage -->
